\BOOKMARK [1][-]{section.1}{\376\377\000V\000i\000s\000i\000\363\000n\000\040\000g\000e\000n\000e\000r\000a\000l\000\040\000d\000e\000l\000\040\000p\000r\000o\000y\000e\000c\000t\000o}{}% 1
\BOOKMARK [2][-]{subsection.1.1}{\376\377\000P\000r\000o\000b\000l\000e\000m\000a}{section.1}% 2
\BOOKMARK [2][-]{subsection.1.2}{\376\377\000H\000i\000p\000\363\000t\000e\000s\000i\000s}{section.1}% 3
\BOOKMARK [2][-]{subsection.1.3}{\376\377\000L\000o\000s\000\040\000t\000r\000e\000s\000\040\000n\000i\000v\000e\000l\000e\000s\000\040\000d\000e\000\040\000c\000o\000n\000o\000c\000i\000m\000i\000e\000n\000t\000o}{section.1}% 4
\BOOKMARK [2][-]{subsection.1.4}{\376\377\000I\000d\000e\000a\000\040\000c\000l\000a\000v\000e\000:\000\040\000V\000L\000M\000a\000p\000s\000\040\000e\000s\000t\000r\000e\000c\000h\000a\000\040\000l\000a\000\040\000b\000\372\000s\000q\000u\000e\000d\000a\000,\000\040\000Y\000O\000L\000O\000E\000\040\000c\000o\000n\000f\000i\000r\000m\000a}{section.1}% 5
\BOOKMARK [2][-]{subsection.1.5}{\376\377\000E\000t\000i\000q\000u\000e\000t\000a\000d\000o\000\040\000d\000e\000\040\000h\000a\000b\000i\000t\000a\000c\000i\000o\000n\000e\000s\000\040\000\050\000L\000a\000b\000e\000l\000M\000e\000\051}{section.1}% 6
\BOOKMARK [1][-]{section.2}{\376\377\000E\000s\000t\000a\000d\000o\000\040\000a\000c\000t\000u\000a\000l\000\040\000d\000e\000l\000\040\000p\000r\000o\000y\000e\000c\000t\000o\000\040\000\050\0002\0006\000\040\000m\000a\000r\000z\000o\000\040\0002\0000\0002\0006\000\051}{}% 7
\BOOKMARK [2][-]{subsection.2.1}{\376\377\000I\000n\000f\000r\000a\000e\000s\000t\000r\000u\000c\000t\000u\000r\000a\000\040\040\024\000\040\000C\000O\000M\000P\000L\000E\000T\000A\000D\000A}{section.2}% 8
\BOOKMARK [2][-]{subsection.2.2}{\376\377\000N\000a\000v\000e\000g\000a\000c\000i\000\363\000n\000\040\000i\000n\000t\000e\000r\000a\000c\000t\000i\000v\000a\000\040\040\024\000\040\000C\000O\000M\000P\000L\000E\000T\000A\000D\000A}{section.2}% 9
\BOOKMARK [2][-]{subsection.2.3}{\376\377\000M\000a\000p\000p\000e\000r\000\040\000L\000L\000M\000\040\040\024\000\040\000C\000O\000M\000P\000L\000E\000T\000A\000D\000O}{section.2}% 10
\BOOKMARK [2][-]{subsection.2.4}{\376\377\000Y\000O\000L\000O\000E\000\040\000c\000o\000m\000o\000\040\000v\000e\000r\000i\000f\000i\000c\000a\000d\000o\000r\000\040\040\024\000\040\000C\000O\000M\000P\000L\000E\000T\000A\000D\000O}{section.2}% 11
\BOOKMARK [2][-]{subsection.2.5}{\376\377\000F\000i\000l\000t\000r\000o\000\040\000d\000e\000\040\000c\000o\000h\000e\000r\000e\000n\000c\000i\000a\000\040\000d\000e\000\040\000h\000e\000a\000t\000m\000a\000p\000s\000\040\040\024\000\040\000C\000O\000M\000P\000L\000E\000T\000A\000D\000O}{section.2}% 12
\BOOKMARK [2][-]{subsection.2.6}{\376\377\000F\000i\000l\000t\000r\000o\000\040\000p\000o\000r\000\040\000t\000a\000m\000a\000\361\000o\000\040\000m\000e\000d\000i\000o\000\040\000d\000e\000\040\000r\000e\000g\000i\000o\000n\000e\000s\000\040\040\024\000\040\000C\000O\000M\000P\000L\000E\000T\000A\000D\000O}{section.2}% 13
\BOOKMARK [2][-]{subsection.2.7}{\376\377\000C\000e\000n\000t\000r\000a\000d\000o\000\040\000v\000i\000s\000u\000a\000l\000\040\000c\000o\000n\000\040\000Y\000O\000L\000O\000E\000\040\040\024\000\040\000C\000O\000M\000P\000L\000E\000T\000A\000D\000O}{section.2}% 14
\BOOKMARK [2][-]{subsection.2.8}{\376\377\000F\000i\000l\000t\000r\000o\000\040\000d\000e\000\040\000p\000a\000r\000e\000d\000\040\000\050\000w\000a\000l\000l\000\040\000f\000i\000l\000t\000e\000r\000\051\000\040\040\024\000\040\000C\000O\000M\000P\000L\000E\000T\000A\000D\000O}{section.2}% 15
\BOOKMARK [2][-]{subsection.2.9}{\376\377\000R\000o\000o\000m\000-\000b\000a\000s\000e\000d\000\040\000r\000e\000a\000s\000o\000n\000i\000n\000g\000\040\000e\000n\000\040\000M\000a\000p\000p\000e\000r\000\040\000L\000L\000M\000\040\040\024\000\040\000C\000O\000M\000P\000L\000E\000T\000A\000D\000O}{section.2}% 16
\BOOKMARK [2][-]{subsection.2.10}{\376\377\000C\000o\000l\000o\000c\000a\000c\000i\000\363\000n\000\040\000d\000e\000\040\000o\000b\000j\000e\000t\000o\000s\000\040\000p\000e\000r\000s\000o\000n\000a\000l\000i\000z\000a\000d\000o\000s\000\040\040\024\000\040\000C\000O\000M\000P\000L\000E\000T\000A\000D\000O}{section.2}% 17
\BOOKMARK [2][-]{subsection.2.11}{\376\377\000L\000o\000\040\000q\000u\000e\000\040\000F\000A\000L\000T\000A\000\040\000p\000o\000r\000\040\000i\000m\000p\000l\000e\000m\000e\000n\000t\000a\000r}{section.2}% 18
\BOOKMARK [1][-]{section.3}{\376\377\000A\000r\000q\000u\000i\000t\000e\000c\000t\000u\000r\000a\000\040\000o\000b\000j\000e\000t\000i\000v\000o\000\040\000d\000e\000l\000\040\000s\000i\000s\000t\000e\000m\000a}{}% 19
\BOOKMARK [2][-]{subsection.3.1}{\376\377\000F\000l\000u\000j\000o\000\040\000c\000o\000m\000p\000l\000e\000t\000o\000\040\000p\000a\000r\000a\000\040\000u\000n\000a\000\040\000i\000n\000s\000t\000r\000u\000c\000c\000i\000\363\000n}{section.3}% 20
\BOOKMARK [2][-]{subsection.3.2}{\376\377\000F\000l\000u\000j\000o\000\040\000p\000a\000r\000a\000\040\000o\000b\000j\000e\000t\000o\000\040\000d\000i\000r\000e\000c\000t\000o\000\040\000V\000L\000M\000a\000p}{section.3}% 21
\BOOKMARK [1][-]{section.4}{\376\377\000L\000o\000s\000\040\0005\000\040\000m\000\351\000t\000o\000d\000o\000s\000\040\000d\000e\000\040\000b\000\372\000s\000q\000u\000e\000d\000a}{}% 22
\BOOKMARK [2][-]{subsection.4.1}{\376\377\000M\0001\000:\000\040\000B\000\372\000s\000q\000u\000e\000d\000a\000\040\000a\000l\000e\000a\000t\000o\000r\000i\000a\000\040\000\050\000b\000a\000s\000e\000l\000i\000n\000e\000\051}{section.4}% 23
\BOOKMARK [2][-]{subsection.4.2}{\376\377\000M\0002\000:\000\040\000C\000a\000n\000d\000i\000d\000a\000t\000o\000\040\000m\000\341\000s\000\040\000c\000e\000r\000c\000a\000n\000o\000\040\000p\000o\000r\000\040\000B\000F\000S\000\040\000\050\000i\000m\000p\000l\000e\000m\000e\000n\000t\000a\000d\000o\000\051}{section.4}% 24
\BOOKMARK [2][-]{subsection.4.3}{\376\377\000M\0003\000:\000\040\000B\000\372\000s\000q\000u\000e\000d\000a\000\040\000s\000e\000m\000\341\000n\000t\000i\000c\000a\000\040\000\050\000V\000L\000M\000a\000p\000\040\000q\000u\000a\000l\000i\000t\000y\000\040\000r\000a\000n\000k\000i\000n\000g\000\051}{section.4}% 25
\BOOKMARK [2][-]{subsection.4.4}{\376\377\000M\0004\000:\000\040\000S\000e\000l\000e\000c\000c\000i\000\363\000n\000\040\000h\000\355\000b\000r\000i\000d\000a\000\040\000+\000\040\000n\000a\000v\000e\000g\000a\000c\000i\000\363\000n\000\040\000a\000c\000t\000i\000v\000a}{section.4}% 26
\BOOKMARK [2][-]{subsection.4.5}{\376\377\000M\0005\000:\000\040\000S\000i\000s\000t\000e\000m\000a\000\040\000c\000o\000m\000p\000l\000e\000t\000o}{section.4}% 27
\BOOKMARK [2][-]{subsection.4.6}{\376\377\000T\000a\000b\000l\000a\000\040\000r\000e\000s\000u\000m\000e\000n}{section.4}% 28
\BOOKMARK [1][-]{section.5}{\376\377\000C\000o\000m\000p\000o\000n\000e\000n\000t\000e\000s\000\040\000i\000m\000p\000l\000e\000m\000e\000n\000t\000a\000d\000o\000s\000\040\000e\000n\000\040\000d\000e\000t\000a\000l\000l\000e}{}% 29
\BOOKMARK [2][-]{subsection.5.1}{\376\377\000F\000i\000l\000t\000r\000o\000\040\000d\000e\000\040\000c\000o\000h\000e\000r\000e\000n\000c\000i\000a\000\040\000d\000e\000\040\000h\000e\000a\000t\000m\000a\000p\000s}{section.5}% 30
\BOOKMARK [2][-]{subsection.5.2}{\376\377\000Y\000O\000L\000O\000E\000\040\000e\000n\000\040\000s\000u\000b\000p\000r\000o\000c\000e\000s\000o}{section.5}% 31
\BOOKMARK [2][-]{subsection.5.3}{\376\377\000S\000c\000a\000n\000\040\000m\000u\000l\000t\000i\000-\000\341\000n\000g\000u\000l\000o}{section.5}% 32
\BOOKMARK [2][-]{subsection.5.4}{\376\377\000D\000e\000t\000e\000c\000c\000i\000\363\000n\000\040\000y\000\040\000r\000e\000c\000u\000p\000e\000r\000a\000c\000i\000\363\000n\000\040\000d\000e\000\040\000c\000o\000l\000i\000s\000i\000o\000n\000e\000s}{section.5}% 33
\BOOKMARK [2][-]{subsection.5.5}{\376\377\000C\000a\000t\000e\000g\000o\000r\000\355\000a\000s\000\040\000d\000i\000r\000e\000c\000t\000a\000s\000,\000\040\000i\000n\000d\000i\000r\000e\000c\000t\000a\000s\000\040\000y\000\040\000Y\000O\000L\000O\000E\000-\000i\000n\000c\000o\000m\000p\000a\000t\000i\000b\000l\000e\000s}{section.5}% 34
\BOOKMARK [2][-]{subsection.5.6}{\376\377\000F\000i\000l\000t\000r\000o\000\040\000p\000o\000r\000\040\000t\000a\000m\000a\000\361\000o\000\040\000m\000e\000d\000i\000o\000\040\000d\000e\000\040\000c\000o\000n\000t\000o\000r\000n\000o\000s}{section.5}% 35
\BOOKMARK [2][-]{subsection.5.7}{\376\377\000C\000e\000n\000t\000r\000a\000d\000o\000\040\000v\000i\000s\000u\000a\000l\000\040\000\050\000v\000i\000s\000u\000a\000l\000\040\000s\000e\000r\000v\000o\000i\000n\000g\000\051}{section.5}% 36
\BOOKMARK [2][-]{subsection.5.8}{\376\377\000F\000i\000l\000t\000r\000o\000\040\000d\000e\000\040\000p\000a\000r\000e\000d\000\040\000\050\000w\000a\000l\000l\000\040\000f\000i\000l\000t\000e\000r\000\051}{section.5}% 37
\BOOKMARK [2][-]{subsection.5.9}{\376\377\000R\000o\000o\000m\000-\000b\000a\000s\000e\000d\000\040\000r\000e\000a\000s\000o\000n\000i\000n\000g}{section.5}% 38
\BOOKMARK [2][-]{subsection.5.10}{\376\377\000C\000o\000l\000o\000c\000a\000c\000i\000\363\000n\000\040\000d\000e\000\040\000o\000b\000j\000e\000t\000o\000s\000\040\000p\000e\000r\000s\000o\000n\000a\000l\000i\000z\000a\000d\000o\000s}{section.5}% 39
\BOOKMARK [1][-]{section.6}{\376\377\000P\000l\000a\000n\000\040\000d\000e\000\040\000i\000m\000p\000l\000e\000m\000e\000n\000t\000a\000c\000i\000\363\000n\000:\000\040\000t\000r\000a\000b\000a\000j\000o\000\040\000f\000u\000t\000u\000r\000o}{}% 40
\BOOKMARK [2][-]{subsection.6.1}{\376\377\000P\000a\000s\000o\000\040\0001\000\040\040\024\000\040\000E\000t\000i\000q\000u\000e\000t\000a\000d\000o\000\040\000d\000e\000\040\000h\000a\000b\000i\000t\000a\000c\000i\000o\000n\000e\000s\000\040\000\050\0003\000\040\000e\000s\000c\000e\000n\000a\000s\000\051}{section.6}% 41
\BOOKMARK [2][-]{subsection.6.2}{\376\377\000P\000a\000s\000o\000\040\0002\000\040\040\024\000\040\000R\000o\000o\000m\000-\000b\000a\000s\000e\000d\000\040\000r\000e\000a\000s\000o\000n\000i\000n\000g\000\040\000e\000n\000\040\000M\000a\000p\000p\000e\000r\000\040\000L\000L\000M}{section.6}% 42
\BOOKMARK [2][-]{subsection.6.3}{\376\377\000P\000a\000s\000o\000\040\0003\000\040\040\024\000\040\000H\000e\000a\000t\000m\000a\000p\000\040\000r\000e\000g\000i\000o\000n\000\040\000a\000n\000a\000l\000y\000s\000i\000s\000\040\000c\000o\000m\000p\000l\000e\000t\000o}{section.6}% 43
\BOOKMARK [2][-]{subsection.6.4}{\376\377\000P\000a\000s\000o\000\040\0004\000\040\040\024\000\040\000I\000m\000p\000l\000e\000m\000e\000n\000t\000a\000r\000\040\000M\0001\000\040\000y\000\040\000M\0003\000\040\000b\000a\000s\000e\000l\000i\000n\000e\000s}{section.6}% 44
\BOOKMARK [2][-]{subsection.6.5}{\376\377\000P\000a\000s\000o\000\040\0005\000\040\040\024\000\040\000F\000\363\000r\000m\000u\000l\000a\000\040\000d\000e\000\040\000s\000c\000o\000r\000i\000n\000g\000\040\000h\000\355\000b\000r\000i\000d\000a\000\040\000+\000\040\000M\0004}{section.6}% 45
\BOOKMARK [2][-]{subsection.6.6}{\376\377\000P\000a\000s\000o\000\040\0006\000\040\040\024\000\040\000M\0005\000:\000\040\000v\000i\000e\000w\000p\000o\000i\000n\000t\000\040\000p\000l\000a\000n\000n\000i\000n\000g\000\040\000+\000\040\000f\000r\000o\000n\000t\000i\000e\000r\000\040\000e\000x\000p\000l\000o\000r\000a\000t\000i\000o\000n}{section.6}% 46
\BOOKMARK [2][-]{subsection.6.7}{\376\377\000P\000a\000s\000o\000\040\0007\000\040\040\024\000\040\000E\000v\000a\000l\000u\000a\000c\000i\000\363\000n\000\040\000c\000u\000a\000n\000t\000i\000t\000a\000t\000i\000v\000a}{section.6}% 47
\BOOKMARK [2][-]{subsection.6.8}{\376\377\000P\000a\000s\000o\000\040\0008\000\040\000\050\000E\000x\000t\000e\000n\000s\000i\000\363\000n\000\051\000\040\040\024\000\040\000W\000r\000a\000p\000p\000e\000r\000\040\000R\000O\000S\000\040\0001\000\040\000N\000o\000e\000t\000i\000c}{section.6}% 48
\BOOKMARK [1][-]{section.7}{\376\377\000O\000r\000d\000e\000n\000\040\000d\000e\000\040\000i\000m\000p\000l\000e\000m\000e\000n\000t\000a\000c\000i\000\363\000n}{}% 49
\BOOKMARK [1][-]{section.8}{\376\377\000A\000r\000c\000h\000i\000v\000o\000s\000\040\000c\000l\000a\000v\000e\000\040\000d\000e\000l\000\040\000p\000r\000o\000y\000e\000c\000t\000o}{}% 50
\BOOKMARK [1][-]{section.9}{\376\377\000T\000e\000c\000n\000o\000l\000o\000g\000\355\000a\000s}{}% 51
\BOOKMARK [1][-]{section.10}{\376\377\000P\000r\000e\000g\000u\000n\000t\000a\000s\000\040\000f\000r\000e\000c\000u\000e\000n\000t\000e\000s\000\040\000y\000\040\000d\000e\000c\000i\000s\000i\000o\000n\000e\000s\000\040\000d\000e\000\040\000d\000i\000s\000e\000\361\000o}{}% 52
\BOOKMARK [2][-]{subsection.10.1}{\376\377\000P\0001\000:\000\040\000C\000a\000t\000e\000g\000o\000r\000\355\000a\000s\000\040\000V\000L\000M\000a\000p\000\040\000q\000u\000e\000\040\000Y\000O\000L\000O\000E\000\040\000n\000o\000\040\000r\000e\000c\000o\000n\000o\000c\000e\000\040\000\050\000e\000j\000.\000\040\000`\000`\000b\000l\000i\000n\000d\000s\000'\000'\000\051}{section.10}% 53
\BOOKMARK [2][-]{subsection.10.2}{\376\377\000P\0002\000:\000\040\000E\000l\000\040\000p\000a\000t\000h\000\040\000v\000a\000\040\000p\000o\000r\000\040\000e\000l\000\040\000o\000t\000r\000o\000\040\000l\000a\000d\000o\000\040\000d\000e\000\040\000l\000a\000\040\000p\000a\000r\000e\000d}{section.10}% 54
\BOOKMARK [2][-]{subsection.10.3}{\376\377\000P\0003\000:\000\040\000E\000l\000\040\000r\000o\000b\000o\000t\000\040\000n\000a\000v\000e\000g\000a\000\040\000d\000e\000m\000a\000s\000i\000a\000d\000o\000\040\000c\000e\000r\000c\000a\000\040\000d\000e\000\040\000p\000a\000r\000e\000d\000e\000s}{section.10}% 55
\BOOKMARK [2][-]{subsection.10.4}{\376\377\000P\0004\000:\000\040\000E\000l\000\040\000r\000o\000b\000o\000t\000\040\000c\000o\000l\000i\000s\000i\000o\000n\000a\000\040\000y\000\040\000s\000e\000\040\000q\000u\000e\000d\000a\000\040\000a\000t\000a\000s\000c\000a\000d\000o}{section.10}% 56
\BOOKMARK [2][-]{subsection.10.5}{\376\377\000P\0005\000:\000\040\000C\000\341\000m\000a\000r\000a\000\040\000a\000\040\040\023\0002\0005\000\260\000\040\000y\000\040\000s\000c\000a\000n\000\040\000m\000u\000l\000t\000i\000-\000\341\000n\000g\000u\000l\000o}{section.10}% 57
\BOOKMARK [2][-]{subsection.10.6}{\376\377\000P\0006\000:\000\040\000E\000s\000c\000e\000n\000a\000s\000\040\000M\000P\0003\000D\000\040\000m\000\341\000s\000\040\000a\000m\000p\000l\000i\000a\000s}{section.10}% 58
\BOOKMARK [2][-]{subsection.10.7}{\376\377\000P\0007\000:\000\040\000\277\000D\000e\000b\000e\000r\000\355\000a\000\040\000e\000t\000i\000q\000u\000e\000t\000a\000r\000\040\000l\000a\000s\000\040\000h\000a\000b\000i\000t\000a\000c\000i\000o\000n\000e\000s\000?}{section.10}% 59
\BOOKMARK [2][-]{subsection.10.8}{\376\377\000P\0008\000:\000\040\000\277\000E\000l\000\040\000r\000o\000b\000o\000t\000\040\000u\000s\000a\000r\000\341\000\040\000l\000a\000\040\000i\000n\000f\000o\000r\000m\000a\000c\000i\000\363\000n\000\040\000d\000e\000\040\000h\000a\000b\000i\000t\000a\000c\000i\000o\000n\000e\000s\000?}{section.10}% 60
\BOOKMARK [2][-]{subsection.10.9}{\376\377\000P\0009\000:\000\040\000\277\000P\000u\000e\000d\000o\000\040\000a\000\361\000a\000d\000i\000r\000\040\000o\000b\000j\000e\000t\000o\000s\000\040\000a\000\040\000l\000a\000\040\000s\000i\000m\000u\000l\000a\000c\000i\000\363\000n\000\040\000p\000a\000r\000a\000\040\000t\000r\000i\000a\000l\000s\000?}{section.10}% 61
\BOOKMARK [2][-]{subsection.10.10}{\376\377\000P\0001\0000\000:\000\040\000V\000i\000s\000u\000a\000l\000\040\000c\000e\000n\000t\000e\000r\000i\000n\000g\000\040\000\050\000c\000e\000n\000t\000r\000a\000d\000o\000\040\000d\000e\000l\000\040\000o\000b\000j\000e\000t\000o\000\040\000e\000n\000\040\000c\000\341\000m\000a\000r\000a\000\051}{section.10}% 62
\BOOKMARK [2][-]{subsection.10.11}{\376\377\000P\0001\0001\000:\000\040\000F\000i\000l\000t\000r\000o\000\040\000d\000e\000\040\000\341\000r\000e\000a\000\040\000m\000e\000d\000i\000a\000\040\000d\000e\000\040\000c\000o\000n\000t\000o\000r\000n\000o\000s}{section.10}% 63
